2025-12-03 09:17:35,454 - multi_agent_crew.main - INFO - Starting weather crew for location: London
2025-12-03 09:17:35,456 - crewai.llm - ERROR - LiteLLM is not available, falling back to LiteLLM
2025-12-03 09:17:35,456 - crewai.utilities.llm_utils - ERROR - Error instantiating LLM from string: Fallback to LiteLLM is not available
2025-12-03 09:17:35,456 - multi_agent_crew.main - ERROR - Error running crew: Fallback to LiteLLM is not available
Traceback (most recent call last):
  File "/Users/abhimanyusinghrathore/Desktop/workspace/C7/crewai-agentic-engine/src/multi_agent_crew/main.py", line 57, in run
    result = WeatherCrew().crew().kickoff(inputs=inputs)
             ~~~~~~~~~~~^^
  File "/Users/abhimanyusinghrathore/Desktop/workspace/C7/crewai-agentic-engine/.venv/lib/python3.13/site-packages/crewai/project/crew_base.py", line 252, in __call__
    CrewBaseMeta._initialize_crew_instance(instance, cls)
    ~~~~~~~~~~~~~~~~~~~~~~~~~~~~~~~~~~~~~~^^^^^^^^^^^^^^^
  File "/Users/abhimanyusinghrathore/Desktop/workspace/C7/crewai-agentic-engine/.venv/lib/python3.13/site-packages/crewai/project/crew_base.py", line 267, in _initialize_crew_instance
    instance.map_all_task_variables()
    ~~~~~~~~~~~~~~~~~~~~~~~~~~~~~~~^^
  File "/Users/abhimanyusinghrathore/Desktop/workspace/C7/crewai-agentic-engine/.venv/lib/python3.13/site-packages/crewai/project/crew_base.py", line 663, in map_all_task_variables
    self._map_task_variables(
    ~~~~~~~~~~~~~~~~~~~~~~~~^
        task_name=task_name,
        ^^^^^^^^^^^^^^^^^^^^
    ...<6 lines>...
        output_pydantic_functions=output_pydantic_functions,
        ^^^^^^^^^^^^^^^^^^^^^^^^^^^^^^^^^^^^^^^^^^^^^^^^^^^^
    )
    ^
  File "/Users/abhimanyusinghrathore/Desktop/workspace/C7/crewai-agentic-engine/.venv/lib/python3.13/site-packages/crewai/project/crew_base.py", line 711, in _map_task_variables
    self.tasks_config[task_name]["agent"] = agents[agent_name]()
                                            ~~~~~~~~~~~~~~~~~~^^
  File "/Users/abhimanyusinghrathore/Desktop/workspace/C7/crewai-agentic-engine/.venv/lib/python3.13/site-packages/crewai/project/wrappers.py", line 186, in _bound
    result: R = _resolve_result(inner(*args, **kwargs))  # type: ignore[call-arg]
                                ~~~~~^^^^^^^^^^^^^^^^^
  File "/Users/abhimanyusinghrathore/Desktop/workspace/C7/crewai-agentic-engine/.venv/lib/python3.13/site-packages/crewai/project/utils.py", line 70, in wrapper
    result = meth(*args, **kwargs)
  File "/Users/abhimanyusinghrathore/Desktop/workspace/C7/crewai-agentic-engine/src/multi_agent_crew/crew.py", line 16, in weather_reporter
    return Agent(
        config=self.agents_config['weather_reporter'], # type: ignore[index]
        verbose=True,
        tools=[WeatherTool()]
    )
  File "/Users/abhimanyusinghrathore/Desktop/workspace/C7/crewai-agentic-engine/.venv/lib/python3.13/site-packages/pydantic/main.py", line 250, in __init__
    validated_self = self.__pydantic_validator__.validate_python(data, self_instance=self)
  File "/Users/abhimanyusinghrathore/Desktop/workspace/C7/crewai-agentic-engine/.venv/lib/python3.13/site-packages/crewai/agent/internal/meta.py", line 58, in post_init_setup_with_extensions
    result = original_func(self)
  File "/Users/abhimanyusinghrathore/Desktop/workspace/C7/crewai-agentic-engine/.venv/lib/python3.13/site-packages/crewai/agent/core.py", line 225, in post_init_setup
    self.llm = create_llm(self.llm)
               ~~~~~~~~~~^^^^^^^^^^
  File "/Users/abhimanyusinghrathore/Desktop/workspace/C7/crewai-agentic-engine/.venv/lib/python3.13/site-packages/crewai/utilities/llm_utils.py", line 33, in create_llm
    raise e
  File "/Users/abhimanyusinghrathore/Desktop/workspace/C7/crewai-agentic-engine/.venv/lib/python3.13/site-packages/crewai/utilities/llm_utils.py", line 30, in create_llm
    return LLM(model=llm_value)
  File "/Users/abhimanyusinghrathore/Desktop/workspace/C7/crewai-agentic-engine/.venv/lib/python3.13/site-packages/crewai/llm.py", line 402, in __new__
    raise ImportError("Fallback to LiteLLM is not available") from None
ImportError: Fallback to LiteLLM is not available
2025-12-03 09:18:31,261 - multi_agent_crew.main - INFO - Starting weather crew for location: London
2025-12-03 09:18:31,268 - multi_agent_crew.main - ERROR - Error running crew: Missing required template variable 'Template variable 'domain' not found in inputs dictionary' in description
Traceback (most recent call last):
  File "/Users/abhimanyusinghrathore/Desktop/workspace/C7/crewai-agentic-engine/.venv/lib/python3.13/site-packages/crewai/task.py", line 657, in interpolate_inputs_and_add_conversation_history
    self.description = interpolate_only(
                       ~~~~~~~~~~~~~~~~^
        input_string=self._original_description, inputs=inputs
        ^^^^^^^^^^^^^^^^^^^^^^^^^^^^^^^^^^^^^^^^^^^^^^^^^^^^^^
    )
    ^
  File "/Users/abhimanyusinghrathore/Desktop/workspace/C7/crewai-agentic-engine/.venv/lib/python3.13/site-packages/crewai/utilities/string_utils.py", line 72, in interpolate_only
    raise KeyError(
        f"Template variable '{missing_vars[0]}' not found in inputs dictionary"
    )
KeyError: "Template variable 'domain' not found in inputs dictionary"

The above exception was the direct cause of the following exception:

Traceback (most recent call last):
  File "/Users/abhimanyusinghrathore/Desktop/workspace/C7/crewai-agentic-engine/src/multi_agent_crew/main.py", line 57, in run
    result = WeatherCrew().crew().kickoff(inputs=inputs)
  File "/Users/abhimanyusinghrathore/Desktop/workspace/C7/crewai-agentic-engine/.venv/lib/python3.13/site-packages/crewai/crew.py", line 735, in kickoff
    self._interpolate_inputs(inputs)
    ~~~~~~~~~~~~~~~~~~~~~~~~^^^^^^^^
  File "/Users/abhimanyusinghrathore/Desktop/workspace/C7/crewai-agentic-engine/.venv/lib/python3.13/site-packages/crewai/crew.py", line 1546, in _interpolate_inputs
    task.interpolate_inputs_and_add_conversation_history(
    ~~~~~~~~~~~~~~~~~~~~~~~~~~~~~~~~~~~~~~~~~~~~~~~~~~~~^
        # type: ignore # "interpolate_inputs" of "Task" does not return a value (it only ever returns None)
        ^^^^^^^^^^^^^^^^^^^^^^^^^^^^^^^^^^^^^^^^^^^^^^^^^^^^^^^^^^^^^^^^^^^^^^^^^^^^^^^^^^^^^^^^^^^^^^^^^^^
        inputs
        ^^^^^^
    )
    ^
  File "/Users/abhimanyusinghrathore/Desktop/workspace/C7/crewai-agentic-engine/.venv/lib/python3.13/site-packages/crewai/task.py", line 661, in interpolate_inputs_and_add_conversation_history
    raise ValueError(
        f"Missing required template variable '{e.args[0]}' in description"
    ) from e
ValueError: Missing required template variable 'Template variable 'domain' not found in inputs dictionary' in description
